{"level":"warn","message":"Login attempt failed for email: jothiprakash888@gmail.com","timestamp":"2024-09-17T07:30:36.594Z"}
{"level":"warn","message":"Login attempt failed for email: jothiprakash888@gmail.com","timestamp":"2024-09-17T07:33:37.524Z"}
{"level":"warn","message":"Login attempt failed for email: jothiprakash888@gmail.com","timestamp":"2024-09-17T07:37:26.751Z"}
{"level":"warn","message":"Login attempt failed for email: jothiprakash888@gmail.com","timestamp":"2024-09-17T07:39:56.815Z"}
{"level":"warn","message":"Login attempt failed for email: jothiprakash888@gmail.com","timestamp":"2024-09-17T07:45:47.125Z"}
{"level":"error","message":"Admin login error: Cannot read properties of null (reading 'E_email')","timestamp":"2024-09-17T07:47:12.127Z"}
{"level":"error","message":"Admin login error: Cannot read properties of null (reading 'email')","timestamp":"2024-09-17T07:47:51.266Z"}
{"level":"info","message":"admin email : null","timestamp":"2024-09-17T07:48:26.135Z"}
{"level":"warn","message":"Login attempt failed for email: jothiprakash888@gmail.com","timestamp":"2024-09-17T07:48:26.150Z"}
{"level":"info","message":"admin email : null","timestamp":"2024-09-17T07:53:30.568Z"}
{"level":"warn","message":"Login attempt failed for email: jothiprakash888@gmail.com","timestamp":"2024-09-17T07:53:30.583Z"}
{"level":"error","message":"Error creating admin: bcrypt is not defined","timestamp":"2024-09-17T08:06:16.927Z"}
{"level":"error","message":"Error creating admin: db already exists with different case already have: [EmployeeManagementSystem] trying to create [employeemanagementsystem]","timestamp":"2024-09-17T08:09:31.533Z"}
{"level":"info","message":"Admin created successfully with email: jothiprakash888@gmail.com","timestamp":"2024-09-17T08:10:58.203Z"}
{"level":"info","message":"admin email : {\n  _id: new ObjectId('66e939929a703c31f88738f6'),\n  name: 'jp',\n  email: 'jothiprakash888@gmail.com',\n  password: '$2b$10$2IKuSnryK16j3ABErkLyG.UlwqHTsNvngJZXC7c0Mn.krJc/seAO2',\n  __v: 0\n}","timestamp":"2024-09-17T08:11:10.802Z"}
{"level":"info","message":"Admin logged in: jothiprakash888@gmail.com","timestamp":"2024-09-17T08:11:11.098Z"}
{"level":"info","message":"admin email : {\n  _id: new ObjectId('66e939929a703c31f88738f6'),\n  name: 'jp',\n  email: 'jothiprakash888@gmail.com',\n  password: '$2b$10$2IKuSnryK16j3ABErkLyG.UlwqHTsNvngJZXC7c0Mn.krJc/seAO2',\n  __v: 0\n}","timestamp":"2024-09-17T08:16:42.474Z"}
{"level":"info","message":"Admin logged in: jothiprakash888@gmail.com","timestamp":"2024-09-17T08:16:42.666Z"}
{"level":"info","message":"Admin logged out","timestamp":"2024-09-17T08:16:59.621Z"}
{"level":"info","message":"admin email : {\n  _id: new ObjectId('66e939929a703c31f88738f6'),\n  name: 'jp',\n  email: 'jothiprakash888@gmail.com',\n  password: '$2b$10$2IKuSnryK16j3ABErkLyG.UlwqHTsNvngJZXC7c0Mn.krJc/seAO2',\n  __v: 0\n}","timestamp":"2024-09-17T08:17:20.474Z"}
{"level":"info","message":"Admin logged in: jothiprakash888@gmail.com","timestamp":"2024-09-17T08:17:20.695Z"}
{"level":"info","message":"Admin created successfully with email: jp@mail.com","timestamp":"2024-09-17T08:17:51.477Z"}
{"level":"info","message":"Admin logged out","timestamp":"2024-09-17T08:17:56.567Z"}
{"level":"info","message":"admin email : {\n  _id: new ObjectId('66e93b2f9a703c31f88738fc'),\n  name: 'jp',\n  email: 'jp@mail.com',\n  password: '$2b$10$YUZfYUvVjXDag/FmQN7AGuyB5SKYG7NIzv.ieBBmz3mrULC4OEwqy',\n  __v: 0\n}","timestamp":"2024-09-17T08:18:08.760Z"}
{"level":"info","message":"Admin logged in: jp@mail.com","timestamp":"2024-09-17T08:18:08.972Z"}
{"level":"error","message":"Retrieve all employees error: Employee is not defined","timestamp":"2024-09-17T08:18:18.113Z"}
{"level":"error","message":"Retrieve all employees error: Employee is not defined","timestamp":"2024-09-17T08:18:18.118Z"}
{"level":"error","message":"Retrieve all employees error: Employee is not defined","timestamp":"2024-09-17T08:18:53.823Z"}
{"level":"error","message":"Retrieve all employees error: Employee is not defined","timestamp":"2024-09-17T08:18:53.827Z"}
{"level":"info","message":"Admin logged out","timestamp":"2024-09-17T08:19:04.871Z"}
{"level":"info","message":"admin email : null","timestamp":"2024-09-17T08:19:19.969Z"}
{"level":"warn","message":"Login attempt failed for email: jp@gmail.com","timestamp":"2024-09-17T08:19:19.970Z"}
{"level":"info","message":"admin email : {\n  _id: new ObjectId('66e93b2f9a703c31f88738fc'),\n  name: 'jp',\n  email: 'jp@mail.com',\n  password: '$2b$10$YUZfYUvVjXDag/FmQN7AGuyB5SKYG7NIzv.ieBBmz3mrULC4OEwqy',\n  __v: 0\n}","timestamp":"2024-09-17T08:19:24.739Z"}
{"level":"info","message":"Admin logged in: jp@mail.com","timestamp":"2024-09-17T08:19:24.955Z"}
{"level":"error","message":"Retrieve all employees error: Employee is not defined","timestamp":"2024-09-17T08:19:52.848Z"}
{"level":"error","message":"Retrieve all employees error: Employee is not defined","timestamp":"2024-09-17T08:19:52.852Z"}
{"level":"error","message":"Retrieve all employees error: Employee is not defined","timestamp":"2024-09-17T08:20:54.743Z"}
{"level":"error","message":"Retrieve all employees error: Employee is not defined","timestamp":"2024-09-17T08:20:54.746Z"}
{"level":"error","message":"Retrieve all employees error: Employee is not defined","timestamp":"2024-09-17T08:23:20.747Z"}
{"level":"error","message":"Retrieve all employees error: Employee is not defined","timestamp":"2024-09-17T08:23:20.751Z"}
{"level":"error","message":"Retrieve all employees error: Employee is not defined","timestamp":"2024-09-17T08:23:39.088Z"}
{"level":"error","message":"Retrieve all employees error: Employee is not defined","timestamp":"2024-09-17T08:23:39.091Z"}
{"level":"error","message":"Retrieve all employees error: Employee is not defined","timestamp":"2024-09-17T08:24:23.846Z"}
{"level":"error","message":"Retrieve all employees error: Employee is not defined","timestamp":"2024-09-17T08:24:23.849Z"}
{"level":"error","message":"Retrieve all employees error: Employee is not defined","timestamp":"2024-09-17T08:24:30.280Z"}
{"level":"error","message":"Retrieve all employees error: Employee is not defined","timestamp":"2024-09-17T08:24:30.284Z"}
{"level":"error","message":"Retrieve all employees error: Employee is not defined","timestamp":"2024-09-17T08:24:38.328Z"}
{"level":"error","message":"Retrieve all employees error: Employee is not defined","timestamp":"2024-09-17T08:24:38.331Z"}
{"level":"error","message":"Retrieve all employees error: Employee is not defined","timestamp":"2024-09-17T08:25:39.640Z"}
{"level":"error","message":"Retrieve all employees error: Employee is not defined","timestamp":"2024-09-17T08:25:39.643Z"}
{"level":"error","message":"Retrieve all employees error: Employee is not defined","timestamp":"2024-09-17T08:29:06.279Z"}
{"level":"error","message":"Retrieve all employees error: Employee is not defined","timestamp":"2024-09-17T08:29:06.283Z"}
{"level":"error","message":"Retrieve all employees error: Employee is not defined","timestamp":"2024-09-17T08:29:50.235Z"}
{"level":"error","message":"Retrieve all employees error: Employee is not defined","timestamp":"2024-09-17T08:29:50.240Z"}
{"level":"error","message":"Retrieve all employees error: Employee is not defined","timestamp":"2024-09-17T08:31:37.299Z"}
{"level":"error","message":"Retrieve all employees error: Employee is not defined","timestamp":"2024-09-17T08:31:37.303Z"}
{"level":"error","message":"Retrieve all employees error: Employee is not defined","timestamp":"2024-09-17T08:31:43.426Z"}
{"level":"error","message":"Retrieve all employees error: Employee is not defined","timestamp":"2024-09-17T08:31:43.445Z"}
{"level":"error","message":"Retrieve all employees error: Employee is not defined","timestamp":"2024-09-17T08:31:48.594Z"}
{"level":"error","message":"Retrieve all employees error: Employee is not defined","timestamp":"2024-09-17T08:31:48.600Z"}
{"level":"error","message":"Retrieve all employees error: Employee is not defined","timestamp":"2024-09-17T08:31:53.331Z"}
{"level":"error","message":"Retrieve all employees error: Employee is not defined","timestamp":"2024-09-17T08:31:53.345Z"}
{"level":"error","message":"Retrieve all employees error: Employee is not defined","timestamp":"2024-09-17T08:31:55.368Z"}
{"level":"error","message":"Retrieve all employees error: Employee is not defined","timestamp":"2024-09-17T08:31:55.399Z"}
{"level":"error","message":"Retrieve all employees error: Employee is not defined","timestamp":"2024-09-17T08:32:13.369Z"}
{"level":"error","message":"Retrieve all employees error: Employee is not defined","timestamp":"2024-09-17T08:32:13.387Z"}
{"level":"error","message":"Retrieve all employees error: Employee is not defined","timestamp":"2024-09-17T08:32:15.482Z"}
{"level":"error","message":"Retrieve all employees error: Employee is not defined","timestamp":"2024-09-17T08:32:15.495Z"}
{"level":"error","message":"Retrieve all employees error: Employee is not defined","timestamp":"2024-09-17T08:32:19.377Z"}
{"level":"error","message":"Retrieve all employees error: Employee is not defined","timestamp":"2024-09-17T08:32:19.383Z"}
{"level":"error","message":"Retrieve all employees error: Employee is not defined","timestamp":"2024-09-17T08:32:24.224Z"}
{"level":"error","message":"Retrieve all employees error: Employee is not defined","timestamp":"2024-09-17T08:32:24.253Z"}
{"level":"error","message":"Retrieve all employees error: Employee is not defined","timestamp":"2024-09-17T08:32:27.502Z"}
{"level":"error","message":"Retrieve all employees error: Employee is not defined","timestamp":"2024-09-17T08:32:27.515Z"}
{"level":"info","message":"admin email : {\n  _id: new ObjectId('66e93b2f9a703c31f88738fc'),\n  name: 'jp',\n  email: 'jp@mail.com',\n  password: '$2b$10$YUZfYUvVjXDag/FmQN7AGuyB5SKYG7NIzv.ieBBmz3mrULC4OEwqy',\n  __v: 0\n}","timestamp":"2024-09-17T08:32:58.251Z"}
{"level":"info","message":"Admin logged in: jp@mail.com","timestamp":"2024-09-17T08:32:58.430Z"}
{"level":"error","message":"Retrieve all employees error: Employee is not defined","timestamp":"2024-09-17T08:33:25.414Z"}
{"level":"error","message":"Retrieve all employees error: Employee is not defined","timestamp":"2024-09-17T08:33:25.417Z"}
{"level":"info","message":"admin email : {\n  _id: new ObjectId('66e939929a703c31f88738f6'),\n  name: 'jp',\n  email: 'jothiprakash888@gmail.com',\n  password: '$2b$10$2IKuSnryK16j3ABErkLyG.UlwqHTsNvngJZXC7c0Mn.krJc/seAO2',\n  __v: 0\n}","timestamp":"2024-09-17T09:04:20.048Z"}
{"level":"info","message":"Admin logged in: jothiprakash888@gmail.com","timestamp":"2024-09-17T09:04:20.117Z"}
{"level":"info","message":"Admin logged out","timestamp":"2024-09-17T09:05:08.503Z"}
{"level":"info","message":"Admin logged out","timestamp":"2024-09-17T09:06:29.478Z"}
{"level":"error","message":"Retrieve all employees error: Employee is not defined","timestamp":"2024-09-17T09:14:18.129Z"}
{"level":"error","message":"Retrieve all employees error: Employee is not defined","timestamp":"2024-09-17T09:14:18.138Z"}
{"level":"error","message":"Retrieve all employees error: Employee is not defined","timestamp":"2024-09-17T09:14:35.827Z"}
{"level":"error","message":"Retrieve all employees error: Employee is not defined","timestamp":"2024-09-17T09:14:35.830Z"}
{"level":"error","message":"Add employee error: Employee is not defined","timestamp":"2024-09-17T09:29:29.277Z"}
{"level":"error","message":"Add employee error: Employee validation failed: E_Id: Path `E_Id` is required.","timestamp":"2024-09-17T09:40:28.903Z"}
{"level":"info","message":"Retrieved all employees: 0 found","timestamp":"2024-09-17T09:41:42.085Z"}
{"level":"info","message":"Retrieved all employees: 0 found","timestamp":"2024-09-17T09:41:42.180Z"}
{"level":"info","message":"Retrieved all employees: 0 found","timestamp":"2024-09-17T09:41:50.173Z"}
{"level":"info","message":"Retrieved all employees: 0 found","timestamp":"2024-09-17T09:41:50.262Z"}
{"level":"info","message":"No previous employee found, starting with new E_Id: DLS1","timestamp":"2024-09-17T09:48:12.539Z"}
{"level":"error","message":"Add employee error: Employee validation failed: E_Id: Cast to Number failed for value \"DLS1\" (type string) at path \"E_Id\"","timestamp":"2024-09-17T09:48:12.639Z"}
{"level":"info","message":"No previous employee found, starting with new E_Id: DLS1","timestamp":"2024-09-17T09:49:44.171Z"}
{"level":"info","message":"New employee added: jp with E_Id: DLS1","timestamp":"2024-09-17T09:49:44.304Z"}
{"level":"info","message":"Retrieved all employees: 1 found","timestamp":"2024-09-17T09:51:00.852Z"}
{"level":"info","message":"Retrieved all employees: 1 found","timestamp":"2024-09-17T09:51:00.948Z"}
{"level":"info","message":"Retrieved all employees: 1 found","timestamp":"2024-09-17T09:52:05.512Z"}
{"level":"error","message":"Retrieve employee error: Cast to ObjectId failed for value \"{DLS1}\" (type string) at path \"_id\" for model \"Employee\"","timestamp":"2024-09-17T09:53:42.503Z"}
{"level":"error","message":"Retrieve employee error: Cast to ObjectId failed for value \"DLS1\" (type string) at path \"_id\" for model \"Employee\"","timestamp":"2024-09-17T09:53:49.420Z"}
{"level":"error","message":"Retrieve employee error: Cast to ObjectId failed for value \"{DLS1}\" (type string) at path \"_id\" for model \"Employee\"","timestamp":"2024-09-17T09:55:21.680Z"}
{"level":"error","message":"Retrieve employee error: ployee is not defined","timestamp":"2024-09-17T09:57:46.021Z"}
{"level":"info","message":"Retrieved employee: undefined","timestamp":"2024-09-17T09:58:26.167Z"}
{"level":"error","message":"Retrieve employee error: Converting circular structure to JSON\n    --> starting at object with constructor 'MongoClient'\n    |     property 's' -> object with constructor 'Object'\n    |     property 'sessionPool' -> object with constructor 'ServerSessionPool'\n    --- property 'client' closes the circle","timestamp":"2024-09-17T09:58:26.181Z"}
{"level":"info","message":"Retrieved employee: jp","timestamp":"2024-09-17T10:00:07.343Z"}
{"level":"info","message":"Generated new E_Id: DLS2 based on last E_Id: DLS1","timestamp":"2024-09-17T10:02:29.029Z"}
{"level":"info","message":"New employee added: jp008 with E_Id: DLS2","timestamp":"2024-09-17T10:02:29.161Z"}
{"level":"info","message":"Generated new E_Id: DLS3 based on last E_Id: DLS2","timestamp":"2024-09-17T10:02:41.594Z"}
{"level":"error","message":"Add employee error: E11000 duplicate key error collection: employeemanagementsystem.employees index: E_Email_1 dup key: { E_Email: \"jp2@mail.com\" }","timestamp":"2024-09-17T10:02:41.707Z"}
{"level":"info","message":"Generated new E_Id: DLS3 based on last E_Id: DLS2","timestamp":"2024-09-17T10:02:54.924Z"}
{"level":"info","message":"New employee added: jp008 with E_Id: DLS3","timestamp":"2024-09-17T10:02:55.002Z"}
{"level":"error","message":"Update employee error: Cast to ObjectId failed for value \"DLS3\" (type string) at path \"_id\" for model \"Employee\"","timestamp":"2024-09-17T10:04:47.387Z"}
{"level":"info","message":"Employee updated: jp008","timestamp":"2024-09-17T10:10:06.595Z"}
{"level":"info","message":"Retrieved all employees: 3 found","timestamp":"2024-09-17T10:10:20.184Z"}
{"level":"error","message":"Delete employee error: Cast to ObjectId failed for value \"DLS3\" (type string) at path \"_id\" for model \"Employee\"","timestamp":"2024-09-17T10:11:28.040Z"}
{"level":"info","message":"Employee deleted: jp008","timestamp":"2024-09-17T10:12:53.382Z"}
{"level":"info","message":"Retrieved all employees: 2 found","timestamp":"2024-09-17T10:13:10.498Z"}
{"level":"info","message":"Retrieved all employees: 2 found","timestamp":"2024-09-17T10:14:36.153Z"}
{"level":"info","message":"Retrieved all employees: 2 found","timestamp":"2024-09-17T10:14:36.231Z"}
{"level":"info","message":"Retrieved all employees: 2 found","timestamp":"2024-09-17T10:16:09.110Z"}
{"level":"info","message":"Retrieved all employees: 2 found","timestamp":"2024-09-17T10:16:09.205Z"}
{"level":"warn","message":"Employee not found with E_Id: undefined","timestamp":"2024-09-17T10:16:15.506Z"}
{"level":"warn","message":"Employee not found with E_Id: undefined","timestamp":"2024-09-17T10:16:15.765Z"}
{"level":"info","message":"Retrieved all employees: 2 found","timestamp":"2024-09-17T10:16:20.498Z"}
{"level":"info","message":"Retrieved all employees: 2 found","timestamp":"2024-09-17T10:16:20.587Z"}
{"level":"info","message":"Retrieved all employees: 2 found","timestamp":"2024-09-17T10:25:40.363Z"}
{"level":"info","message":"Retrieved all employees: 2 found","timestamp":"2024-09-17T10:25:40.440Z"}
{"level":"info","message":"Generated new E_Id: DLS3 based on last E_Id: DLS2","timestamp":"2024-09-17T11:09:30.690Z"}
{"level":"error","message":"Add employee error: Employee validation failed: E_Name: Path `E_Name` is required., E_Email: Path `E_Email` is required., E_Mobile: Path `E_Mobile` is required., E_Designation: Path `E_Designation` is required.","timestamp":"2024-09-17T11:09:30.705Z"}
{"level":"info","message":"Generated new E_Id: DLS3 based on last E_Id: DLS2","timestamp":"2024-09-17T11:12:56.790Z"}
{"level":"error","message":"Add employee error: Employee validation failed: E_Name: Path `E_Name` is required., E_Email: Path `E_Email` is required., E_Mobile: Path `E_Mobile` is required., E_Designation: Path `E_Designation` is required.","timestamp":"2024-09-17T11:12:56.793Z"}
{"level":"info","message":"Retrieved all employees: 2 found","timestamp":"2024-09-17T11:16:16.208Z"}
{"level":"info","message":"Retrieved all employees: 2 found","timestamp":"2024-09-17T11:16:16.301Z"}
{"level":"info","message":"Generated new E_Id: DLS3 based on last E_Id: DLS2","timestamp":"2024-09-17T11:16:54.368Z"}
{"level":"error","message":"Add employee error: Employee validation failed: E_Name: Path `E_Name` is required., E_Email: Path `E_Email` is required., E_Mobile: Path `E_Mobile` is required., E_Designation: Path `E_Designation` is required.","timestamp":"2024-09-17T11:16:54.374Z"}
{"level":"info","message":"Generated new E_Id: DLS3 based on last E_Id: DLS2","timestamp":"2024-09-17T11:17:47.271Z"}
{"level":"error","message":"Add employee error: Employee validation failed: E_Name: Path `E_Name` is required., E_Email: Path `E_Email` is required., E_Mobile: Path `E_Mobile` is required., E_Designation: Path `E_Designation` is required.","timestamp":"2024-09-17T11:17:47.284Z"}
{"level":"info","message":"Generated new E_Id: DLS3 based on last E_Id: DLS2","timestamp":"2024-09-17T11:21:52.468Z"}
{"level":"error","message":"Add employee error: Employee validation failed: E_Name: Path `E_Name` is required., E_Email: Path `E_Email` is required., E_Mobile: Path `E_Mobile` is required., E_Designation: Path `E_Designation` is required.","timestamp":"2024-09-17T11:21:52.475Z"}
{"level":"info","message":"Generated new E_Id: DLS3 based on last E_Id: DLS2","timestamp":"2024-09-17T11:22:27.846Z"}
{"level":"error","message":"Add employee error: Employee validation failed: E_Name: Path `E_Name` is required., E_Email: Path `E_Email` is required., E_Mobile: Path `E_Mobile` is required., E_Designation: Path `E_Designation` is required.","timestamp":"2024-09-17T11:22:27.849Z"}
{"level":"info","message":"Generated new E_Id: DLS3 based on last E_Id: DLS2","timestamp":"2024-09-17T11:22:31.869Z"}
{"level":"error","message":"Add employee error: Employee validation failed: E_Name: Path `E_Name` is required., E_Email: Path `E_Email` is required., E_Mobile: Path `E_Mobile` is required., E_Designation: Path `E_Designation` is required.","timestamp":"2024-09-17T11:22:31.874Z"}
{"level":"info","message":"Generated new E_Id: DLS3 based on last E_Id: DLS2","timestamp":"2024-09-17T11:28:54.872Z"}
{"level":"error","message":"Add employee error: Employee validation failed: E_Name: Path `E_Name` is required., E_Email: Path `E_Email` is required., E_Mobile: Path `E_Mobile` is required., E_Designation: Path `E_Designation` is required.","timestamp":"2024-09-17T11:28:54.883Z"}
{"level":"info","message":"Generated new E_Id: DLS3 based on last E_Id: DLS2","timestamp":"2024-09-17T11:29:55.038Z"}
{"level":"error","message":"Add employee error: Employee validation failed: E_Name: Path `E_Name` is required., E_Email: Path `E_Email` is required., E_Mobile: Path `E_Mobile` is required., E_Designation: Path `E_Designation` is required.","timestamp":"2024-09-17T11:29:55.040Z"}
{"level":"info","message":"Generated new E_Id: DLS3 based on last E_Id: DLS2","timestamp":"2024-09-17T11:32:38.450Z"}
{"level":"error","message":"Add employee error: Employee validation failed: E_Name: Path `E_Name` is required., E_Email: Path `E_Email` is required., E_Mobile: Path `E_Mobile` is required., E_Designation: Path `E_Designation` is required.","timestamp":"2024-09-17T11:32:38.461Z"}
{"level":"info","message":"Generated new E_Id: DLS3 based on last E_Id: DLS2","timestamp":"2024-09-17T11:34:20.283Z"}
{"level":"info","message":"new employee created with data :{\n  E_Id: 'DLS3',\n  E_Image: 'E_Image_1726572860181.png',\n  _id: new ObjectId('66e9693c53608792081d2543'),\n  E_CreatedDate: 2024-09-17T11:34:20.292Z\n}","timestamp":"2024-09-17T11:34:20.294Z"}
{"level":"error","message":"Add employee error: Employee validation failed: E_Name: Path `E_Name` is required., E_Email: Path `E_Email` is required., E_Mobile: Path `E_Mobile` is required., E_Designation: Path `E_Designation` is required.","timestamp":"2024-09-17T11:34:20.301Z"}
{"level":"info","message":"Generated new E_Id: DLS3 based on last E_Id: DLS2","timestamp":"2024-09-17T11:35:42.096Z"}
{"level":"info","message":"new employee created with data :{\n  E_Id: 'DLS3',\n  E_Image: 'E_Image_1726572941988.jpg',\n  _id: new ObjectId('66e9698e53608792081d2545'),\n  E_CreatedDate: 2024-09-17T11:35:42.097Z\n}","timestamp":"2024-09-17T11:35:42.097Z"}
{"level":"error","message":"Add employee error: Employee validation failed: E_Name: Path `E_Name` is required., E_Email: Path `E_Email` is required., E_Mobile: Path `E_Mobile` is required., E_Designation: Path `E_Designation` is required.","timestamp":"2024-09-17T11:35:42.099Z"}
{"level":"info","message":"Generated new E_Id: DLS3 based on last E_Id: DLS2","timestamp":"2024-09-17T11:41:29.594Z"}
{"$__":{"activePaths":{"paths":{"E_Course":"modify","E_CreatedDate":"modify","E_Designation":"modify","E_Email":"modify","E_Id":"modify","E_Image":"modify","E_Mobile":"modify","E_Name":"modify","_id":"default"},"states":{"default":{"_id":true},"modify":{"E_Course":true,"E_CreatedDate":true,"E_Designation":true,"E_Email":true,"E_Id":true,"E_Image":true,"E_Mobile":true,"E_Name":true},"require":{}}}},"_doc":{"E_Course":"MERN Stack Development","E_CreatedDate":"2024-09-17T11:41:29.608Z","E_Designation":"COO","E_Email":"jothiprakash@gmail.com","E_Id":"DLS3","E_Image":"E_Image_1726573289442.jpg","E_Mobile":"09585578792","E_Name":"jothi prakash","_id":"66e96ae93937ff70295e8932"},"level":"info","message":"New employee created with data: ","timestamp":"2024-09-17T11:41:29.623Z"}
{"level":"info","message":"New employee added: jothi prakash with E_Id: DLS3","timestamp":"2024-09-17T11:41:29.761Z"}
{"level":"info","message":"Retrieved all employees: 3 found","timestamp":"2024-09-17T11:41:30.139Z"}
{"level":"info","message":"Retrieved all employees: 3 found","timestamp":"2024-09-17T11:41:30.248Z"}
{"level":"info","message":"Generated new E_Id: DLS4 based on last E_Id: DLS3","timestamp":"2024-09-17T11:44:27.328Z"}
{"$__":{"activePaths":{"paths":{"E_Course":"modify","E_CreatedDate":"modify","E_Designation":"modify","E_Email":"modify","E_Gender":"require","E_Id":"modify","E_Image":"modify","E_Mobile":"modify","E_Name":"modify","_id":"default"},"states":{"default":{"_id":true},"modify":{"E_Course":true,"E_CreatedDate":true,"E_Designation":true,"E_Email":true,"E_Id":true,"E_Image":true,"E_Mobile":true,"E_Name":true},"require":{"E_Gender":true}}}},"_doc":{"E_Course":"MERN Stack Development","E_CreatedDate":"2024-09-17T11:44:27.341Z","E_Designation":"COO","E_Email":"jothiprakash08@gmail.com","E_Id":"DLS4","E_Image":"E_Image_1726573467181.jpg","E_Mobile":"09585578792","E_Name":"Jothiprakash T","_id":"66e96b9b7ee15f12fb2f992f"},"level":"info","message":"New employee created with data: ","timestamp":"2024-09-17T11:44:27.357Z"}
{"level":"error","message":"Add employee error: Employee validation failed: E_Gender: Path `E_Gender` is required.","timestamp":"2024-09-17T11:44:27.386Z"}
{"level":"info","message":"Generated new E_Id: DLS4 based on last E_Id: DLS3","timestamp":"2024-09-17T11:45:15.216Z"}
{"$__":{"activePaths":{"paths":{"E_Course":"modify","E_CreatedDate":"modify","E_Designation":"modify","E_Email":"modify","E_Gender":"require","E_Id":"modify","E_Image":"modify","E_Mobile":"modify","E_Name":"modify","_id":"default"},"states":{"default":{"_id":true},"modify":{"E_Course":true,"E_CreatedDate":true,"E_Designation":true,"E_Email":true,"E_Id":true,"E_Image":true,"E_Mobile":true,"E_Name":true},"require":{"E_Gender":true}}}},"_doc":{"E_Course":"MERN Stack Development","E_CreatedDate":"2024-09-17T11:45:15.218Z","E_Designation":"COO","E_Email":"jothiprakash08@gmail.com","E_Id":"DLS4","E_Image":"E_Image_1726573515118.jpg","E_Mobile":"09585578792","E_Name":"Jothiprakash T","_id":"66e96bcb7ee15f12fb2f9931"},"level":"info","message":"New employee created with data: ","timestamp":"2024-09-17T11:45:15.220Z"}
{"level":"error","message":"Add employee error: Employee validation failed: E_Gender: Path `E_Gender` is required.","timestamp":"2024-09-17T11:45:15.228Z"}
{"level":"info","message":"Generated new E_Id: DLS4 based on last E_Id: DLS3","timestamp":"2024-09-17T11:49:04.524Z"}
{"$__":{"activePaths":{"paths":{"E_Course":"modify","E_CreatedDate":"modify","E_Designation":"modify","E_Email":"modify","E_Gender":"require","E_Id":"modify","E_Image":"modify","E_Mobile":"modify","E_Name":"modify","_id":"default"},"states":{"default":{"_id":true},"modify":{"E_Course":true,"E_CreatedDate":true,"E_Designation":true,"E_Email":true,"E_Id":true,"E_Image":true,"E_Mobile":true,"E_Name":true},"require":{"E_Gender":true}}}},"_doc":{"E_Course":"MERN Stack Development","E_CreatedDate":"2024-09-17T11:49:04.526Z","E_Designation":"COO","E_Email":"jothiprakash08@gamial.com","E_Id":"DLS4","E_Image":"E_Image_1726573744431.jpg","E_Mobile":"09585578792","E_Name":"Jothiprakash T","_id":"66e96cb07ee15f12fb2f9933"},"level":"info","message":"New employee created with data: ","timestamp":"2024-09-17T11:49:04.527Z"}
{"level":"error","message":"Add employee error: Employee validation failed: E_Gender: Path `E_Gender` is required.","timestamp":"2024-09-17T11:49:04.533Z"}
{"level":"info","message":"Generated new E_Id: DLS4 based on last E_Id: DLS3","timestamp":"2024-09-17T11:54:05.527Z"}
{"$__":{"activePaths":{"paths":{"E_Course":"modify","E_CreatedDate":"modify","E_Designation":"modify","E_Email":"modify","E_Gender":"modify","E_Id":"modify","E_Image":"modify","E_Mobile":"modify","E_Name":"modify","_id":"default"},"states":{"default":{"_id":true},"modify":{"E_Course":true,"E_CreatedDate":true,"E_Designation":true,"E_Email":true,"E_Gender":true,"E_Id":true,"E_Image":true,"E_Mobile":true,"E_Name":true},"require":{}}}},"_doc":{"E_Course":"MERN Stack Development","E_CreatedDate":"2024-09-17T11:54:05.543Z","E_Designation":"COO","E_Email":"jothiprakash08@gmail.com","E_Gender":"Male","E_Id":"DLS4","E_Image":"E_Image_1726574045392.jpg","E_Mobile":"09585578792","E_Name":"Jothiprakash T","_id":"66e96ddd410e76f7abde7e51"},"level":"info","message":"New employee created with data: ","timestamp":"2024-09-17T11:54:05.562Z"}
{"level":"info","message":"New employee added: Jothiprakash T with E_Id: DLS4","timestamp":"2024-09-17T11:54:05.850Z"}
{"level":"info","message":"Retrieved all employees: 4 found","timestamp":"2024-09-17T11:54:06.105Z"}
{"level":"info","message":"Retrieved all employees: 4 found","timestamp":"2024-09-17T11:54:06.217Z"}
{"level":"info","message":"Retrieved all employees: 4 found","timestamp":"2024-09-17T11:57:22.402Z"}
{"level":"info","message":"Retrieved all employees: 4 found","timestamp":"2024-09-17T12:09:46.376Z"}
{"level":"info","message":"Retrieved all employees: 4 found","timestamp":"2024-09-17T12:09:47.322Z"}
{"level":"info","message":"Retrieved employee: jp","timestamp":"2024-09-17T12:10:18.036Z"}
{"level":"info","message":"Retrieved employee: jp","timestamp":"2024-09-17T12:10:18.236Z"}
{"level":"info","message":"Retrieved all employees: 4 found","timestamp":"2024-09-17T12:10:29.683Z"}
{"level":"info","message":"Retrieved all employees: 4 found","timestamp":"2024-09-17T12:10:31.216Z"}
{"level":"info","message":"Retrieved all employees: 4 found","timestamp":"2024-09-17T12:10:31.468Z"}
{"level":"info","message":"Retrieved all employees: 4 found","timestamp":"2024-09-17T12:10:31.563Z"}
{"level":"info","message":"Retrieved all employees: 4 found","timestamp":"2024-09-17T12:14:14.307Z"}
{"level":"info","message":"Retrieved all employees: 4 found","timestamp":"2024-09-17T12:14:15.244Z"}
{"level":"info","message":"Retrieved all employees: 4 found","timestamp":"2024-09-17T12:15:03.984Z"}
{"level":"info","message":"Retrieved all employees: 4 found","timestamp":"2024-09-17T12:15:04.074Z"}
{"level":"info","message":"Retrieved all employees: 4 found","timestamp":"2024-09-17T12:15:14.755Z"}
{"level":"info","message":"Retrieved all employees: 4 found","timestamp":"2024-09-17T12:15:14.848Z"}
{"level":"info","message":"Retrieved employee: jp","timestamp":"2024-09-17T12:15:26.275Z"}
{"level":"info","message":"Retrieved employee: jp","timestamp":"2024-09-17T12:15:26.366Z"}
{"level":"info","message":"Retrieved all employees: 4 found","timestamp":"2024-09-17T12:15:28.772Z"}
{"level":"info","message":"Retrieved all employees: 4 found","timestamp":"2024-09-17T12:15:28.869Z"}
{"level":"info","message":"Retrieved employee: jp","timestamp":"2024-09-17T12:20:02.723Z"}
{"level":"info","message":"Retrieved employee: jp","timestamp":"2024-09-17T12:20:02.792Z"}
{"level":"info","message":"Retrieved all employees: 4 found","timestamp":"2024-09-17T12:21:03.166Z"}
{"level":"info","message":"Retrieved all employees: 4 found","timestamp":"2024-09-17T12:21:03.398Z"}
{"level":"info","message":"Retrieved all employees: 4 found","timestamp":"2024-09-17T12:21:11.586Z"}
{"level":"info","message":"Retrieved all employees: 4 found","timestamp":"2024-09-17T12:21:12.020Z"}
{"level":"info","message":"Retrieved employee: jp","timestamp":"2024-09-17T12:35:14.365Z"}
{"level":"info","message":"Retrieved employee: jp","timestamp":"2024-09-17T12:35:14.459Z"}
{"level":"info","message":"Retrieved all employees: 4 found","timestamp":"2024-09-17T12:35:24.726Z"}
{"level":"info","message":"Retrieved all employees: 4 found","timestamp":"2024-09-17T12:35:24.823Z"}
{"level":"info","message":"Retrieved employee: jp008","timestamp":"2024-09-17T12:35:29.299Z"}
{"level":"info","message":"Retrieved employee: jp008","timestamp":"2024-09-17T12:35:29.430Z"}
{"level":"info","message":"Retrieved all employees: 4 found","timestamp":"2024-09-17T12:35:34.497Z"}
{"level":"info","message":"Retrieved all employees: 4 found","timestamp":"2024-09-17T12:35:34.573Z"}
{"level":"info","message":"Retrieved employee: Jothiprakash T","timestamp":"2024-09-17T12:35:40.226Z"}
{"level":"info","message":"Retrieved employee: Jothiprakash T","timestamp":"2024-09-17T12:35:40.296Z"}
{"level":"info","message":"Retrieved all employees: 4 found","timestamp":"2024-09-17T12:36:31.937Z"}
{"level":"info","message":"Retrieved all employees: 4 found","timestamp":"2024-09-17T12:36:32.008Z"}
{"level":"info","message":"Retrieved all employees: 4 found","timestamp":"2024-09-17T12:36:34.362Z"}
{"level":"info","message":"Retrieved all employees: 4 found","timestamp":"2024-09-17T12:36:34.751Z"}
{"level":"info","message":"Retrieved all employees: 4 found","timestamp":"2024-09-17T12:36:50.759Z"}
{"level":"info","message":"Retrieved all employees: 4 found","timestamp":"2024-09-17T12:36:50.889Z"}
{"level":"info","message":"Retrieved employee: jp","timestamp":"2024-09-17T12:37:01.008Z"}
{"level":"info","message":"Retrieved employee: jp","timestamp":"2024-09-17T12:37:01.119Z"}
{"level":"info","message":"Retrieved all employees: 4 found","timestamp":"2024-09-17T12:43:00.387Z"}
{"level":"info","message":"Retrieved all employees: 4 found","timestamp":"2024-09-17T12:43:00.480Z"}
{"level":"info","message":"Retrieved all employees: 4 found","timestamp":"2024-09-17T12:45:12.646Z"}
{"level":"info","message":"Retrieved all employees: 4 found","timestamp":"2024-09-17T12:45:12.744Z"}
{"level":"info","message":"Retrieved all employees: 4 found","timestamp":"2024-09-17T12:45:23.436Z"}
{"level":"info","message":"Retrieved all employees: 4 found","timestamp":"2024-09-17T12:45:23.515Z"}
{"level":"info","message":"Retrieved all employees: 4 found","timestamp":"2024-09-17T12:45:31.647Z"}
{"level":"info","message":"Retrieved all employees: 4 found","timestamp":"2024-09-17T12:45:31.788Z"}
{"level":"info","message":"Retrieved all employees: 4 found","timestamp":"2024-09-17T12:45:37.664Z"}
{"level":"info","message":"Retrieved all employees: 4 found","timestamp":"2024-09-17T12:45:37.743Z"}
{"level":"info","message":"Retrieved all employees: 4 found","timestamp":"2024-09-17T12:45:43.922Z"}
{"level":"info","message":"Retrieved all employees: 4 found","timestamp":"2024-09-17T12:45:44.004Z"}
{"level":"info","message":"Retrieved employee: jp","timestamp":"2024-09-17T12:47:25.937Z"}
{"level":"info","message":"Retrieved employee: jp","timestamp":"2024-09-17T12:47:26.028Z"}
{"level":"info","message":"Retrieved all employees: 4 found","timestamp":"2024-09-17T12:47:43.585Z"}
{"level":"info","message":"Retrieved all employees: 4 found","timestamp":"2024-09-17T12:47:43.668Z"}
{"level":"info","message":"Retrieved employee: jp","timestamp":"2024-09-17T12:47:50.163Z"}
{"level":"info","message":"Retrieved employee: jp","timestamp":"2024-09-17T12:47:50.248Z"}
{"level":"info","message":"Retrieved all employees: 4 found","timestamp":"2024-09-17T12:47:55.884Z"}
{"level":"info","message":"Retrieved all employees: 4 found","timestamp":"2024-09-17T12:47:55.965Z"}
{"level":"info","message":"Retrieved all employees: 4 found","timestamp":"2024-09-17T12:57:37.773Z"}
{"level":"info","message":"Retrieved all employees: 4 found","timestamp":"2024-09-17T12:57:42.096Z"}
{"level":"info","message":"Retrieved all employees: 4 found","timestamp":"2024-09-17T12:57:43.852Z"}
{"level":"info","message":"Retrieved all employees: 4 found","timestamp":"2024-09-17T12:57:44.734Z"}
{"level":"info","message":"Employee deleted: jp","timestamp":"2024-09-17T12:57:51.112Z"}
{"level":"info","message":"Retrieved all employees: 3 found","timestamp":"2024-09-17T12:57:51.634Z"}
{"level":"info","message":"Retrieved all employees: 3 found","timestamp":"2024-09-17T12:57:51.736Z"}
{"level":"info","message":"Retrieved all employees: 3 found","timestamp":"2024-09-17T13:01:04.295Z"}
{"level":"info","message":"Retrieved all employees: 3 found","timestamp":"2024-09-17T13:01:04.374Z"}
{"level":"info","message":"Retrieved all employees: 3 found","timestamp":"2024-09-17T13:01:13.048Z"}
{"level":"info","message":"Retrieved all employees: 3 found","timestamp":"2024-09-17T13:01:13.149Z"}
{"level":"info","message":"Retrieved all employees: 3 found","timestamp":"2024-09-17T13:02:31.619Z"}
{"level":"info","message":"Retrieved all employees: 3 found","timestamp":"2024-09-17T13:02:31.695Z"}
{"level":"info","message":"Admin logged out","timestamp":"2024-09-17T13:02:33.608Z"}
{"level":"info","message":"admin email : {\n  _id: new ObjectId('66e93b2f9a703c31f88738fc'),\n  name: 'jp',\n  email: 'jp@mail.com',\n  password: '$2b$10$YUZfYUvVjXDag/FmQN7AGuyB5SKYG7NIzv.ieBBmz3mrULC4OEwqy',\n  __v: 0\n}","timestamp":"2024-09-17T13:02:57.865Z"}
{"level":"info","message":"admin email : {\n  _id: new ObjectId('66e93b2f9a703c31f88738fc'),\n  name: 'jp',\n  email: 'jp@mail.com',\n  password: '$2b$10$YUZfYUvVjXDag/FmQN7AGuyB5SKYG7NIzv.ieBBmz3mrULC4OEwqy',\n  __v: 0\n}","timestamp":"2024-09-17T13:02:57.868Z"}
{"level":"info","message":"Admin logged in: jp@mail.com","timestamp":"2024-09-17T13:02:57.939Z"}
{"level":"info","message":"Admin logged in: jp@mail.com","timestamp":"2024-09-17T13:02:57.941Z"}
{"level":"info","message":"admin email : {\n  _id: new ObjectId('66e93b2f9a703c31f88738fc'),\n  name: 'jp',\n  email: 'jp@mail.com',\n  password: '$2b$10$YUZfYUvVjXDag/FmQN7AGuyB5SKYG7NIzv.ieBBmz3mrULC4OEwqy',\n  __v: 0\n}","timestamp":"2024-09-17T13:02:58.323Z"}
{"level":"info","message":"Admin logged in: jp@mail.com","timestamp":"2024-09-17T13:02:58.396Z"}
{"level":"info","message":"Retrieved all employees: 3 found","timestamp":"2024-09-17T13:03:04.678Z"}
{"level":"info","message":"Retrieved all employees: 3 found","timestamp":"2024-09-17T13:03:04.745Z"}
{"level":"info","message":"Retrieved all employees: 3 found","timestamp":"2024-09-17T13:03:09.992Z"}
{"level":"info","message":"Retrieved all employees: 3 found","timestamp":"2024-09-17T13:03:10.081Z"}
{"level":"info","message":"Retrieved all employees: 3 found","timestamp":"2024-09-17T13:03:15.461Z"}
{"level":"info","message":"Retrieved all employees: 3 found","timestamp":"2024-09-17T13:03:15.604Z"}
{"level":"info","message":"Retrieved all employees: 3 found","timestamp":"2024-09-17T13:08:31.793Z"}
{"level":"info","message":"Retrieved all employees: 3 found","timestamp":"2024-09-17T13:08:31.861Z"}
{"level":"info","message":"Retrieved employee: jp008","timestamp":"2024-09-17T13:08:35.862Z"}
{"level":"info","message":"Retrieved employee: jp008","timestamp":"2024-09-17T13:08:35.944Z"}
{"level":"info","message":"Retrieved all employees: 3 found","timestamp":"2024-09-17T13:08:39.420Z"}
{"level":"info","message":"Retrieved all employees: 3 found","timestamp":"2024-09-17T13:08:39.494Z"}
{"level":"info","message":"Retrieved all employees: 3 found","timestamp":"2024-09-17T13:08:49.001Z"}
{"level":"info","message":"Retrieved all employees: 3 found","timestamp":"2024-09-17T13:08:49.081Z"}
{"level":"info","message":"Retrieved all employees: 3 found","timestamp":"2024-09-17T13:09:03.624Z"}
{"level":"info","message":"Retrieved all employees: 3 found","timestamp":"2024-09-17T13:09:03.693Z"}
{"level":"info","message":"Admin logged out","timestamp":"2024-09-17T13:09:50.627Z"}
{"level":"info","message":"admin email : {\n  _id: new ObjectId('66e93b2f9a703c31f88738fc'),\n  name: 'jp',\n  email: 'jp@mail.com',\n  password: '$2b$10$YUZfYUvVjXDag/FmQN7AGuyB5SKYG7NIzv.ieBBmz3mrULC4OEwqy',\n  __v: 0\n}","timestamp":"2024-09-17T13:10:06.699Z"}
{"level":"info","message":"Admin logged in: jp@mail.com","timestamp":"2024-09-17T13:10:06.766Z"}
{"level":"info","message":"Retrieved all employees: 3 found","timestamp":"2024-09-17T13:10:11.140Z"}
{"level":"info","message":"Retrieved all employees: 3 found","timestamp":"2024-09-17T13:10:11.227Z"}
{"level":"info","message":"Admin logged out","timestamp":"2024-09-17T13:10:15.004Z"}
{"level":"info","message":"admin email : {\n  _id: new ObjectId('66e93b2f9a703c31f88738fc'),\n  name: 'jp',\n  email: 'jp@mail.com',\n  password: '$2b$10$YUZfYUvVjXDag/FmQN7AGuyB5SKYG7NIzv.ieBBmz3mrULC4OEwqy',\n  __v: 0\n}","timestamp":"2024-09-17T13:10:27.243Z"}
{"level":"info","message":"Admin logged in: jp@mail.com","timestamp":"2024-09-17T13:10:27.318Z"}
{"level":"info","message":"admin email : {\n  _id: new ObjectId('66e93b2f9a703c31f88738fc'),\n  name: 'jp',\n  email: 'jp@mail.com',\n  password: '$2b$10$YUZfYUvVjXDag/FmQN7AGuyB5SKYG7NIzv.ieBBmz3mrULC4OEwqy',\n  __v: 0\n}","timestamp":"2024-09-17T17:16:07.386Z"}
{"level":"info","message":"Admin logged in: jp@mail.com","timestamp":"2024-09-17T17:16:07.609Z"}
{"level":"info","message":"Retrieved all employees: 3 found","timestamp":"2024-09-17T17:16:12.949Z"}
{"level":"info","message":"Retrieved all employees: 3 found","timestamp":"2024-09-17T17:16:13.050Z"}
{"level":"info","message":"Admin logged out","timestamp":"2024-09-17T17:16:17.151Z"}
{"level":"info","message":"admin email : {\n  _id: new ObjectId('66e93b2f9a703c31f88738fc'),\n  name: 'jp',\n  email: 'jp@mail.com',\n  password: '$2b$10$YUZfYUvVjXDag/FmQN7AGuyB5SKYG7NIzv.ieBBmz3mrULC4OEwqy',\n  __v: 0\n}","timestamp":"2024-09-17T17:16:47.011Z"}
{"level":"info","message":"Admin logged in: jp@mail.com","timestamp":"2024-09-17T17:16:47.252Z"}
{"level":"info","message":"Retrieved all employees: 3 found","timestamp":"2024-09-17T17:19:05.727Z"}
{"level":"info","message":"Retrieved all employees: 3 found","timestamp":"2024-09-17T17:19:06.254Z"}
{"level":"info","message":"Retrieved all employees: 3 found","timestamp":"2024-09-17T17:19:10.783Z"}
{"level":"info","message":"Retrieved all employees: 3 found","timestamp":"2024-09-17T17:19:10.963Z"}
{"level":"info","message":"Retrieved all employees: 3 found","timestamp":"2024-09-17T17:20:17.906Z"}
{"level":"info","message":"Retrieved all employees: 3 found","timestamp":"2024-09-17T17:20:27.912Z"}
{"level":"info","message":"Retrieved all employees: 3 found","timestamp":"2024-09-17T17:20:30.020Z"}
{"level":"info","message":"Retrieved all employees: 3 found","timestamp":"2024-09-17T17:20:52.852Z"}
{"level":"info","message":"Retrieved all employees: 3 found","timestamp":"2024-09-17T17:20:52.946Z"}
{"level":"info","message":"Retrieved all employees: 3 found","timestamp":"2024-09-17T17:24:33.884Z"}
{"level":"info","message":"Retrieved all employees: 3 found","timestamp":"2024-09-17T17:24:33.964Z"}
{"level":"info","message":"Retrieved all employees: 3 found","timestamp":"2024-09-17T17:24:43.044Z"}
{"level":"info","message":"Retrieved all employees: 3 found","timestamp":"2024-09-17T17:24:43.146Z"}
{"level":"info","message":"Retrieved all employees: 3 found","timestamp":"2024-09-17T17:25:04.582Z"}
{"level":"info","message":"Retrieved all employees: 3 found","timestamp":"2024-09-17T17:25:04.678Z"}
{"level":"info","message":"Retrieved employee: jp008","timestamp":"2024-09-17T17:25:07.490Z"}
{"level":"info","message":"Retrieved employee: jp008","timestamp":"2024-09-17T17:25:07.594Z"}
{"level":"info","message":"Retrieved all employees: 3 found","timestamp":"2024-09-17T17:25:10.989Z"}
{"level":"info","message":"Retrieved all employees: 3 found","timestamp":"2024-09-17T17:25:11.077Z"}
{"level":"info","message":"Admin logged out","timestamp":"2024-09-17T17:25:20.769Z"}
{"level":"info","message":"admin email : {\n  _id: new ObjectId('66e93b2f9a703c31f88738fc'),\n  name: 'jp',\n  email: 'jp@mail.com',\n  password: '$2b$10$YUZfYUvVjXDag/FmQN7AGuyB5SKYG7NIzv.ieBBmz3mrULC4OEwqy',\n  __v: 0\n}","timestamp":"2024-09-17T17:27:59.003Z"}
{"level":"info","message":"Admin logged in: jp@mail.com","timestamp":"2024-09-17T17:27:59.063Z"}
{"level":"info","message":"Retrieved all employees: 3 found","timestamp":"2024-09-17T17:28:35.705Z"}
{"level":"info","message":"Retrieved all employees: 3 found","timestamp":"2024-09-17T17:28:35.785Z"}
{"level":"info","message":"Retrieved all employees: 3 found","timestamp":"2024-09-17T17:28:43.106Z"}
{"level":"info","message":"Retrieved all employees: 3 found","timestamp":"2024-09-17T17:28:43.186Z"}
{"level":"info","message":"Retrieved all employees: 3 found","timestamp":"2024-09-17T17:30:07.082Z"}
{"level":"info","message":"Retrieved all employees: 3 found","timestamp":"2024-09-17T17:30:07.148Z"}
{"level":"info","message":"Retrieved all employees: 3 found","timestamp":"2024-09-17T17:30:09.899Z"}
{"level":"info","message":"Retrieved all employees: 3 found","timestamp":"2024-09-17T17:30:09.969Z"}
{"level":"info","message":"Retrieved all employees: 3 found","timestamp":"2024-09-17T17:33:58.432Z"}
{"level":"info","message":"Retrieved all employees: 3 found","timestamp":"2024-09-17T17:33:58.502Z"}
{"level":"info","message":"Admin logged out","timestamp":"2024-09-17T17:34:04.938Z"}
{"level":"info","message":"admin email : {\n  _id: new ObjectId('66e93b2f9a703c31f88738fc'),\n  name: 'jp',\n  email: 'jp@mail.com',\n  password: '$2b$10$YUZfYUvVjXDag/FmQN7AGuyB5SKYG7NIzv.ieBBmz3mrULC4OEwqy',\n  __v: 0\n}","timestamp":"2024-09-17T17:34:20.156Z"}
{"level":"info","message":"Admin logged in: jp@mail.com","timestamp":"2024-09-17T17:34:20.220Z"}
{"level":"info","message":"Retrieved all employees: 3 found","timestamp":"2024-09-17T17:34:27.651Z"}
{"level":"info","message":"Retrieved all employees: 3 found","timestamp":"2024-09-17T17:34:27.755Z"}
{"level":"info","message":"Generated new E_Id: DLS5 based on last E_Id: DLS4","timestamp":"2024-09-17T17:35:48.743Z"}
{"$__":{"activePaths":{"paths":{"E_Course":"modify","E_CreatedDate":"modify","E_Designation":"modify","E_Email":"modify","E_Gender":"modify","E_Id":"modify","E_Image":"modify","E_Mobile":"modify","E_Name":"modify","_id":"default"},"states":{"default":{"_id":true},"modify":{"E_Course":true,"E_CreatedDate":true,"E_Designation":true,"E_Email":true,"E_Gender":true,"E_Id":true,"E_Image":true,"E_Mobile":true,"E_Name":true},"require":{}}}},"_doc":{"E_Course":"Java Full stack","E_CreatedDate":"2024-09-17T17:35:48.743Z","E_Designation":"Staff","E_Email":"jothiprakash11@gmail.com","E_Gender":"Male","E_Id":"DLS5","E_Image":"E_Image_1726594548655.png","E_Mobile":"09585578792","E_Name":"Jothiprakash T","_id":"66e9bdf41cd8e711f95d9343"},"level":"info","message":"New employee created with data: ","timestamp":"2024-09-17T17:35:48.747Z"}
{"level":"info","message":"New employee added: Jothiprakash T with E_Id: DLS5","timestamp":"2024-09-17T17:35:48.844Z"}
{"level":"info","message":"Retrieved all employees: 4 found","timestamp":"2024-09-17T17:35:48.941Z"}
{"level":"info","message":"Retrieved all employees: 4 found","timestamp":"2024-09-17T17:35:49.018Z"}
{"level":"info","message":"Employee deleted: jothi prakash","timestamp":"2024-09-17T17:35:55.795Z"}
{"level":"info","message":"Retrieved all employees: 3 found","timestamp":"2024-09-17T17:35:56.350Z"}
{"level":"info","message":"Retrieved all employees: 3 found","timestamp":"2024-09-17T17:35:56.493Z"}
{"level":"info","message":"Generated new E_Id: DLS6 based on last E_Id: DLS5","timestamp":"2024-09-17T17:36:58.803Z"}
{"$__":{"activePaths":{"paths":{"E_Course":"modify","E_CreatedDate":"modify","E_Designation":"modify","E_Email":"modify","E_Gender":"modify","E_Id":"modify","E_Image":"modify","E_Mobile":"modify","E_Name":"modify","_id":"default"},"states":{"default":{"_id":true},"modify":{"E_Course":true,"E_CreatedDate":true,"E_Designation":true,"E_Email":true,"E_Gender":true,"E_Id":true,"E_Image":true,"E_Mobile":true,"E_Name":true},"require":{}}}},"_doc":{"E_Course":".Net","E_CreatedDate":"2024-09-17T17:36:58.805Z","E_Designation":"Software engineer","E_Email":"jothiprakash88@gmail.com","E_Gender":"Male","E_Id":"DLS6","E_Image":"E_Image_1726594618464.png","E_Mobile":"09585578792","E_Name":"Jothiprakash T","_id":"66e9be3a1cd8e711f95d934b"},"level":"info","message":"New employee created with data: ","timestamp":"2024-09-17T17:36:58.805Z"}
{"level":"info","message":"New employee added: Jothiprakash T with E_Id: DLS6","timestamp":"2024-09-17T17:36:58.897Z"}
{"level":"info","message":"Retrieved all employees: 4 found","timestamp":"2024-09-17T17:36:59.021Z"}
{"level":"info","message":"Retrieved all employees: 4 found","timestamp":"2024-09-17T17:36:59.091Z"}
{"level":"info","message":"Employee deleted: Jothiprakash T","timestamp":"2024-09-17T17:37:12.499Z"}
{"level":"info","message":"Retrieved all employees: 3 found","timestamp":"2024-09-17T17:37:12.911Z"}
{"level":"info","message":"Retrieved all employees: 3 found","timestamp":"2024-09-17T17:37:12.983Z"}
{"level":"info","message":"Retrieved employee: jp008","timestamp":"2024-09-17T17:37:48.932Z"}
{"level":"info","message":"Retrieved employee: jp008","timestamp":"2024-09-17T17:37:49.003Z"}
{"level":"info","message":"Retrieved employee: jp008","timestamp":"2024-09-17T17:50:53.888Z"}
{"level":"info","message":"Retrieved employee: jp008","timestamp":"2024-09-17T17:51:00.877Z"}
{"level":"info","message":"Retrieved employee: jp008","timestamp":"2024-09-17T17:53:05.929Z"}
{"level":"info","message":"Retrieved employee: jp008","timestamp":"2024-09-17T17:53:10.940Z"}
{"level":"info","message":"Retrieved employee: jp008","timestamp":"2024-09-17T17:53:11.870Z"}
{"level":"info","message":"Retrieved employee: jp008","timestamp":"2024-09-17T17:53:13.881Z"}
{"level":"info","message":"Retrieved employee: jp008","timestamp":"2024-09-17T17:59:23.936Z"}
{"level":"info","message":"Retrieved employee: jp008","timestamp":"2024-09-17T17:59:32.886Z"}
{"level":"info","message":"Retrieved employee: jp008","timestamp":"2024-09-17T17:59:53.999Z"}
{"level":"info","message":"Retrieved employee: jp008","timestamp":"2024-09-17T18:00:01.121Z"}
{"level":"info","message":"admin email : {\n  _id: new ObjectId('66e93b2f9a703c31f88738fc'),\n  name: 'jp',\n  email: 'jp@mail.com',\n  password: '$2b$10$YUZfYUvVjXDag/FmQN7AGuyB5SKYG7NIzv.ieBBmz3mrULC4OEwqy',\n  __v: 0\n}","timestamp":"2024-09-18T04:40:14.289Z"}
{"level":"info","message":"Admin logged in: jp@mail.com","timestamp":"2024-09-18T04:40:14.350Z"}
{"level":"info","message":"Retrieved all employees: 3 found","timestamp":"2024-09-18T04:40:38.327Z"}
{"level":"info","message":"Retrieved all employees: 3 found","timestamp":"2024-09-18T04:40:38.423Z"}
{"level":"info","message":"Generated new E_Id: DLS7 based on last E_Id: DLS6","timestamp":"2024-09-18T04:42:29.349Z"}
{"$__":{"activePaths":{"paths":{"E_Course":"modify","E_CreatedDate":"modify","E_Designation":"modify","E_Email":"modify","E_Gender":"modify","E_Id":"modify","E_Image":"modify","E_Mobile":"modify","E_Name":"modify","_id":"default"},"states":{"default":{"_id":true},"modify":{"E_Course":true,"E_CreatedDate":true,"E_Designation":true,"E_Email":true,"E_Gender":true,"E_Id":true,"E_Image":true,"E_Mobile":true,"E_Name":true},"require":{}}}},"_doc":{"E_Course":".Net","E_CreatedDate":"2024-09-18T04:42:29.349Z","E_Designation":"Trainee","E_Email":"jothiprakash8@gmail.com","E_Gender":"Male","E_Id":"DLS7","E_Image":"E_Image_1726634549234.jpeg","E_Mobile":"09585578792","E_Name":"Jothiprakash T","_id":"66ea5a355fc3b8a0ba886ac4"},"level":"info","message":"New employee created with data: ","timestamp":"2024-09-18T04:42:29.354Z"}
{"level":"info","message":"New employee added: Jothiprakash T with E_Id: DLS7","timestamp":"2024-09-18T04:42:29.440Z"}
{"level":"info","message":"Retrieved all employees: 4 found","timestamp":"2024-09-18T04:42:29.547Z"}
{"level":"info","message":"Retrieved all employees: 4 found","timestamp":"2024-09-18T04:42:29.622Z"}
{"level":"info","message":"Admin logged out","timestamp":"2024-09-18T04:43:39.674Z"}
{"level":"info","message":"admin email : {\n  _id: new ObjectId('66e93b2f9a703c31f88738fc'),\n  name: 'jp',\n  email: 'jp@mail.com',\n  password: '$2b$10$YUZfYUvVjXDag/FmQN7AGuyB5SKYG7NIzv.ieBBmz3mrULC4OEwqy',\n  __v: 0\n}","timestamp":"2024-09-18T04:44:21.758Z"}
{"level":"info","message":"Admin logged in: jp@mail.com","timestamp":"2024-09-18T04:44:21.819Z"}
{"level":"info","message":"Admin logged out","timestamp":"2024-09-18T04:44:25.966Z"}
{"level":"info","message":"admin email : {\n  _id: new ObjectId('66e93b2f9a703c31f88738fc'),\n  name: 'jp',\n  email: 'jp@mail.com',\n  password: '$2b$10$YUZfYUvVjXDag/FmQN7AGuyB5SKYG7NIzv.ieBBmz3mrULC4OEwqy',\n  __v: 0\n}","timestamp":"2024-09-18T04:48:55.097Z"}
{"level":"info","message":"Admin logged in: jp@mail.com","timestamp":"2024-09-18T04:48:55.181Z"}
{"level":"info","message":"Admin logged out","timestamp":"2024-09-18T04:48:59.657Z"}
{"level":"info","message":"admin email : {\n  _id: new ObjectId('66e93b2f9a703c31f88738fc'),\n  name: 'jp',\n  email: 'jp@mail.com',\n  password: '$2b$10$YUZfYUvVjXDag/FmQN7AGuyB5SKYG7NIzv.ieBBmz3mrULC4OEwqy',\n  __v: 0\n}","timestamp":"2024-09-18T04:49:48.080Z"}
{"level":"info","message":"Admin logged in: jp@mail.com","timestamp":"2024-09-18T04:49:48.151Z"}
{"level":"info","message":"Retrieved all employees: 4 found","timestamp":"2024-09-18T04:49:52.500Z"}
{"level":"info","message":"Retrieved all employees: 4 found","timestamp":"2024-09-18T04:49:52.595Z"}
{"level":"info","message":"Retrieved all employees: 4 found","timestamp":"2024-09-18T04:50:05.902Z"}
{"level":"info","message":"Retrieved all employees: 4 found","timestamp":"2024-09-18T04:50:05.981Z"}
{"level":"info","message":"Retrieved employee: jp008","timestamp":"2024-09-18T04:50:10.251Z"}
{"level":"info","message":"Retrieved employee: jp008","timestamp":"2024-09-18T04:50:10.345Z"}
{"level":"info","message":"Retrieved all employees: 4 found","timestamp":"2024-09-18T04:50:13.541Z"}
{"level":"info","message":"Retrieved all employees: 4 found","timestamp":"2024-09-18T04:50:13.621Z"}
{"level":"info","message":"Retrieved employee: Jothiprakash T","timestamp":"2024-09-18T04:50:15.465Z"}
{"level":"info","message":"Retrieved employee: Jothiprakash T","timestamp":"2024-09-18T04:50:15.541Z"}
{"level":"info","message":"Retrieved all employees: 4 found","timestamp":"2024-09-18T04:50:28.782Z"}
{"level":"info","message":"Retrieved all employees: 4 found","timestamp":"2024-09-18T04:50:28.861Z"}
{"level":"info","message":"Retrieved employee: Jothiprakash T","timestamp":"2024-09-18T04:50:32.867Z"}
{"level":"info","message":"Retrieved employee: Jothiprakash T","timestamp":"2024-09-18T04:50:32.946Z"}
{"level":"info","message":"Employee updated: Jothiprakash T","timestamp":"2024-09-18T04:51:38.224Z"}
{"level":"info","message":"Retrieved all employees: 4 found","timestamp":"2024-09-18T04:51:38.339Z"}
{"level":"info","message":"Retrieved all employees: 4 found","timestamp":"2024-09-18T04:51:38.423Z"}
{"level":"info","message":"Retrieved employee: Jothiprakash T","timestamp":"2024-09-18T04:51:53.521Z"}
{"level":"info","message":"Retrieved employee: Jothiprakash T","timestamp":"2024-09-18T04:51:53.646Z"}
{"level":"info","message":"Employee updated: Jothiprakash T","timestamp":"2024-09-18T04:52:13.486Z"}
{"level":"info","message":"Retrieved all employees: 4 found","timestamp":"2024-09-18T04:52:13.577Z"}
{"level":"info","message":"Retrieved all employees: 4 found","timestamp":"2024-09-18T04:52:13.683Z"}
{"level":"info","message":"Retrieved employee: Jothiprakash T","timestamp":"2024-09-18T04:52:20.240Z"}
{"level":"info","message":"Retrieved employee: Jothiprakash T","timestamp":"2024-09-18T04:52:20.321Z"}
{"level":"info","message":"Retrieved employee: Jothiprakash T","timestamp":"2024-09-18T04:53:23.366Z"}
{"level":"info","message":"Retrieved employee: Jothiprakash T","timestamp":"2024-09-18T04:53:23.446Z"}
{"level":"info","message":"Employee updated: Jothiprakash T","timestamp":"2024-09-18T04:53:49.330Z"}
{"level":"info","message":"Retrieved all employees: 4 found","timestamp":"2024-09-18T04:53:49.443Z"}
{"level":"info","message":"Retrieved all employees: 4 found","timestamp":"2024-09-18T04:53:49.542Z"}
{"level":"info","message":"Retrieved all employees: 4 found","timestamp":"2024-09-18T04:56:29.640Z"}
{"level":"info","message":"Retrieved all employees: 4 found","timestamp":"2024-09-18T04:56:29.741Z"}
{"level":"info","message":"Retrieved employee: Jothiprakash T","timestamp":"2024-09-18T04:56:36.547Z"}
{"level":"info","message":"Retrieved employee: Jothiprakash T","timestamp":"2024-09-18T04:56:36.626Z"}
{"level":"info","message":"Employee updated: Jothiprakash T","timestamp":"2024-09-18T04:56:50.901Z"}
{"level":"info","message":"Retrieved all employees: 4 found","timestamp":"2024-09-18T04:56:51.023Z"}
{"level":"info","message":"Retrieved all employees: 4 found","timestamp":"2024-09-18T04:56:51.110Z"}
{"level":"info","message":"Retrieved all employees: 4 found","timestamp":"2024-09-18T04:59:03.536Z"}
{"level":"info","message":"Retrieved all employees: 4 found","timestamp":"2024-09-18T04:59:03.630Z"}
{"level":"info","message":"Retrieved employee: Jothiprakash T","timestamp":"2024-09-18T04:59:09.529Z"}
{"level":"info","message":"Retrieved employee: Jothiprakash T","timestamp":"2024-09-18T04:59:09.624Z"}
{"level":"info","message":"Employee updated: Jothiprakash T","timestamp":"2024-09-18T04:59:25.104Z"}
{"level":"info","message":"Retrieved all employees: 4 found","timestamp":"2024-09-18T04:59:25.228Z"}
{"level":"info","message":"Retrieved all employees: 4 found","timestamp":"2024-09-18T04:59:25.308Z"}
{"level":"info","message":"Retrieved all employees: 4 found","timestamp":"2024-09-18T05:00:23.850Z"}
{"level":"info","message":"Retrieved all employees: 4 found","timestamp":"2024-09-18T05:00:23.987Z"}
{"level":"info","message":"Retrieved employee: Jothiprakash T","timestamp":"2024-09-18T05:00:28.203Z"}
{"level":"info","message":"Retrieved employee: Jothiprakash T","timestamp":"2024-09-18T05:00:28.303Z"}
{"level":"info","message":"Employee updated: Jothiprakash T","timestamp":"2024-09-18T05:00:44.475Z"}
{"level":"info","message":"Retrieved all employees: 4 found","timestamp":"2024-09-18T05:00:44.609Z"}
{"level":"info","message":"Retrieved all employees: 4 found","timestamp":"2024-09-18T05:00:44.707Z"}
{"level":"info","message":"Retrieved all employees: 4 found","timestamp":"2024-09-18T05:05:52.611Z"}
{"level":"info","message":"Retrieved all employees: 4 found","timestamp":"2024-09-18T05:05:52.687Z"}
{"level":"info","message":"Retrieved employee: Jothiprakash T","timestamp":"2024-09-18T05:05:57.237Z"}
{"level":"info","message":"Retrieved employee: Jothiprakash T","timestamp":"2024-09-18T05:05:57.331Z"}
{"level":"info","message":"Employee updated: DLS7","timestamp":"2024-09-18T05:06:09.515Z"}
{"level":"info","message":"Retrieved all employees: 4 found","timestamp":"2024-09-18T05:06:09.627Z"}
{"level":"info","message":"Retrieved all employees: 4 found","timestamp":"2024-09-18T05:06:09.707Z"}
{"level":"info","message":"Retrieved all employees: 4 found","timestamp":"2024-09-18T05:08:49.750Z"}
{"level":"info","message":"Retrieved all employees: 4 found","timestamp":"2024-09-18T05:08:49.849Z"}
{"level":"info","message":"Retrieved employee: Jothiprakash T","timestamp":"2024-09-18T05:08:52.408Z"}
{"level":"info","message":"Retrieved employee: Jothiprakash T","timestamp":"2024-09-18T05:08:52.485Z"}
{"level":"info","message":"Employee updated: DLS7","timestamp":"2024-09-18T05:09:02.865Z"}
{"level":"info","message":"Retrieved all employees: 4 found","timestamp":"2024-09-18T05:09:02.980Z"}
{"level":"info","message":"Retrieved all employees: 4 found","timestamp":"2024-09-18T05:09:03.063Z"}
{"level":"info","message":"Retrieved all employees: 4 found","timestamp":"2024-09-18T05:11:02.509Z"}
{"level":"info","message":"Retrieved all employees: 4 found","timestamp":"2024-09-18T05:11:02.587Z"}
{"level":"info","message":"Retrieved employee: Jothiprakash T","timestamp":"2024-09-18T05:11:07.047Z"}
{"level":"info","message":"Retrieved employee: Jothiprakash T","timestamp":"2024-09-18T05:11:07.130Z"}
{"level":"info","message":"Employee updated: DLS7","timestamp":"2024-09-18T05:11:23.545Z"}
{"level":"info","message":"Retrieved all employees: 4 found","timestamp":"2024-09-18T05:11:23.653Z"}
{"level":"info","message":"Retrieved all employees: 4 found","timestamp":"2024-09-18T05:11:23.724Z"}
{"level":"info","message":"Retrieved all employees: 4 found","timestamp":"2024-09-18T05:15:29.040Z"}
{"level":"info","message":"Retrieved all employees: 4 found","timestamp":"2024-09-18T05:15:29.130Z"}
{"level":"info","message":"Retrieved employee: Jothiprakash T","timestamp":"2024-09-18T05:15:34.911Z"}
{"level":"info","message":"Retrieved employee: Jothiprakash T","timestamp":"2024-09-18T05:15:34.989Z"}
{"level":"info","message":"Employee updated: DLS7","timestamp":"2024-09-18T05:15:46.381Z"}
{"level":"info","message":"Retrieved all employees: 4 found","timestamp":"2024-09-18T05:15:46.510Z"}
{"level":"info","message":"Retrieved all employees: 4 found","timestamp":"2024-09-18T05:15:46.589Z"}
{"level":"info","message":"Retrieved employee: Jothiprakash T","timestamp":"2024-09-18T05:16:02.999Z"}
{"level":"info","message":"Retrieved employee: Jothiprakash T","timestamp":"2024-09-18T05:16:03.069Z"}
{"level":"info","message":"Retrieved employee: Jothiprakash T","timestamp":"2024-09-18T05:20:59.403Z"}
{"level":"info","message":"Retrieved employee: Jothiprakash T","timestamp":"2024-09-18T05:21:02.425Z"}
{"level":"info","message":"Retrieved employee: Jothiprakash T","timestamp":"2024-09-18T05:21:03.393Z"}
{"level":"info","message":"Retrieved all employees: 4 found","timestamp":"2024-09-18T05:21:14.350Z"}
{"level":"info","message":"Retrieved all employees: 4 found","timestamp":"2024-09-18T05:21:14.441Z"}
{"level":"info","message":"Retrieved employee: Jothiprakash T","timestamp":"2024-09-18T05:21:18.956Z"}
{"level":"info","message":"Retrieved employee: Jothiprakash T","timestamp":"2024-09-18T05:21:19.030Z"}
{"level":"info","message":"Employee updated: DLS7","timestamp":"2024-09-18T05:21:41.050Z"}
{"level":"info","message":"Retrieved all employees: 4 found","timestamp":"2024-09-18T05:21:41.178Z"}
{"level":"info","message":"Retrieved all employees: 4 found","timestamp":"2024-09-18T05:21:41.273Z"}
{"level":"info","message":"Retrieved employee: Jothiprakash T","timestamp":"2024-09-18T05:24:42.752Z"}
{"level":"info","message":"Retrieved employee: Jothiprakash T","timestamp":"2024-09-18T05:24:42.832Z"}
{"level":"info","message":"Retrieved employee: Jothiprakash T","timestamp":"2024-09-18T05:34:14.413Z"}
{"level":"info","message":"Retrieved employee: Jothiprakash T","timestamp":"2024-09-18T05:34:14.501Z"}
{"level":"info","message":"Retrieved employee: Jothiprakash T","timestamp":"2024-09-18T05:34:20.671Z"}
{"level":"info","message":"Retrieved employee: Jothiprakash T","timestamp":"2024-09-18T05:34:20.754Z"}
{"level":"info","message":"Employee updated: DLS7","timestamp":"2024-09-18T05:34:32.142Z"}
{"level":"info","message":"Retrieved all employees: 4 found","timestamp":"2024-09-18T05:34:32.273Z"}
{"level":"info","message":"Retrieved all employees: 4 found","timestamp":"2024-09-18T05:34:32.355Z"}
{"level":"info","message":"Retrieved employee: Jothiprakash T","timestamp":"2024-09-18T05:34:35.518Z"}
{"level":"info","message":"Retrieved employee: Jothiprakash T","timestamp":"2024-09-18T05:34:35.598Z"}
{"level":"info","message":"Employee updated: DLS7","timestamp":"2024-09-18T05:34:40.383Z"}
{"level":"info","message":"Retrieved all employees: 4 found","timestamp":"2024-09-18T05:34:40.481Z"}
{"level":"info","message":"Retrieved all employees: 4 found","timestamp":"2024-09-18T05:34:40.565Z"}
{"level":"info","message":"Admin logged out","timestamp":"2024-09-18T05:34:52.195Z"}
{"level":"info","message":"admin email : {\n  _id: new ObjectId('66e93b2f9a703c31f88738fc'),\n  name: 'jp',\n  email: 'jp@mail.com',\n  password: '$2b$10$YUZfYUvVjXDag/FmQN7AGuyB5SKYG7NIzv.ieBBmz3mrULC4OEwqy',\n  __v: 0\n}","timestamp":"2024-09-18T05:38:08.614Z"}
{"level":"info","message":"Admin logged in: jp@mail.com","timestamp":"2024-09-18T05:38:08.677Z"}
{"level":"info","message":"Retrieved all employees: 4 found","timestamp":"2024-09-18T05:38:12.626Z"}
{"level":"info","message":"Retrieved all employees: 4 found","timestamp":"2024-09-18T05:38:12.718Z"}
{"level":"info","message":"Retrieved all employees: 4 found","timestamp":"2024-09-18T05:38:15.160Z"}
{"level":"info","message":"Retrieved all employees: 4 found","timestamp":"2024-09-18T05:38:15.234Z"}
{"level":"info","message":"Admin logged out","timestamp":"2024-09-18T05:43:19.751Z"}
{"level":"info","message":"admin email : {\n  _id: new ObjectId('66e93b2f9a703c31f88738fc'),\n  name: 'jp',\n  email: 'jp@mail.com',\n  password: '$2b$10$YUZfYUvVjXDag/FmQN7AGuyB5SKYG7NIzv.ieBBmz3mrULC4OEwqy',\n  __v: 0\n}","timestamp":"2024-09-18T05:50:51.580Z"}
{"level":"info","message":"Admin logged in: jp@mail.com","timestamp":"2024-09-18T05:50:51.664Z"}
{"level":"info","message":"Retrieved all employees: 4 found","timestamp":"2024-09-18T05:50:56.717Z"}
{"level":"info","message":"Retrieved all employees: 4 found","timestamp":"2024-09-18T05:50:56.796Z"}
{"level":"info","message":"Retrieved all employees: 4 found","timestamp":"2024-09-18T05:51:01.516Z"}
{"level":"info","message":"Retrieved all employees: 4 found","timestamp":"2024-09-18T05:51:01.596Z"}
{"level":"info","message":"Retrieved all employees: 4 found","timestamp":"2024-09-18T05:51:42.066Z"}
{"level":"info","message":"Retrieved all employees: 4 found","timestamp":"2024-09-18T05:51:42.156Z"}
{"level":"info","message":"Admin logged out","timestamp":"2024-09-18T05:51:44.644Z"}
{"level":"info","message":"admin email : {\n  _id: new ObjectId('66e93b2f9a703c31f88738fc'),\n  name: 'jp',\n  email: 'jp@mail.com',\n  password: '$2b$10$YUZfYUvVjXDag/FmQN7AGuyB5SKYG7NIzv.ieBBmz3mrULC4OEwqy',\n  __v: 0\n}","timestamp":"2024-09-18T05:52:18.017Z"}
{"level":"info","message":"Admin logged in: jp@mail.com","timestamp":"2024-09-18T05:52:18.091Z"}
{"level":"info","message":"Retrieved all employees: 4 found","timestamp":"2024-09-18T05:52:22.576Z"}
{"level":"info","message":"Retrieved all employees: 4 found","timestamp":"2024-09-18T05:52:22.656Z"}
{"level":"info","message":"Retrieved all employees: 4 found","timestamp":"2024-09-18T05:52:26.306Z"}
{"level":"info","message":"Retrieved all employees: 4 found","timestamp":"2024-09-18T05:52:26.402Z"}
{"level":"info","message":"Admin logged out","timestamp":"2024-09-18T05:55:15.421Z"}
{"level":"info","message":"admin email : {\n  _id: new ObjectId('66e93b2f9a703c31f88738fc'),\n  name: 'jp',\n  email: 'jp@mail.com',\n  password: '$2b$10$YUZfYUvVjXDag/FmQN7AGuyB5SKYG7NIzv.ieBBmz3mrULC4OEwqy',\n  __v: 0\n}","timestamp":"2024-09-18T05:56:24.668Z"}
{"level":"info","message":"Admin logged in: jp@mail.com","timestamp":"2024-09-18T05:56:24.730Z"}
{"level":"info","message":"Retrieved all employees: 4 found","timestamp":"2024-09-18T05:56:28.627Z"}
{"level":"info","message":"Retrieved all employees: 4 found","timestamp":"2024-09-18T05:56:28.728Z"}
{"level":"info","message":"Admin logged out","timestamp":"2024-09-18T05:56:31.812Z"}
{"level":"info","message":"admin email : null","timestamp":"2024-09-18T05:56:42.497Z"}
{"level":"warn","message":"Login attempt failed for email: jp@mail.con","timestamp":"2024-09-18T05:56:42.498Z"}
{"level":"info","message":"admin email : {\n  _id: new ObjectId('66e93b2f9a703c31f88738fc'),\n  name: 'jp',\n  email: 'jp@mail.com',\n  password: '$2b$10$YUZfYUvVjXDag/FmQN7AGuyB5SKYG7NIzv.ieBBmz3mrULC4OEwqy',\n  __v: 0\n}","timestamp":"2024-09-18T05:56:47.953Z"}
{"level":"info","message":"admin email : {\n  _id: new ObjectId('66e93b2f9a703c31f88738fc'),\n  name: 'jp',\n  email: 'jp@mail.com',\n  password: '$2b$10$YUZfYUvVjXDag/FmQN7AGuyB5SKYG7NIzv.ieBBmz3mrULC4OEwqy',\n  __v: 0\n}","timestamp":"2024-09-18T05:56:47.959Z"}
{"level":"info","message":"Admin logged in: jp@mail.com","timestamp":"2024-09-18T05:56:48.021Z"}
{"level":"info","message":"Admin logged in: jp@mail.com","timestamp":"2024-09-18T05:56:48.025Z"}
{"level":"info","message":"Retrieved all employees: 4 found","timestamp":"2024-09-18T05:56:52.679Z"}
{"level":"info","message":"Retrieved all employees: 4 found","timestamp":"2024-09-18T05:56:52.761Z"}
{"level":"info","message":"Retrieved employee: Jothiprakash T","timestamp":"2024-09-18T05:56:55.379Z"}
{"level":"info","message":"Retrieved employee: Jothiprakash T","timestamp":"2024-09-18T05:56:55.459Z"}
{"level":"info","message":"Employee updated: DLS7","timestamp":"2024-09-18T05:57:06.347Z"}
{"level":"info","message":"Retrieved all employees: 4 found","timestamp":"2024-09-18T05:57:06.469Z"}
{"level":"info","message":"Retrieved all employees: 4 found","timestamp":"2024-09-18T05:57:06.563Z"}
{"level":"info","message":"Generated new E_Id: DLS8 based on last E_Id: DLS7","timestamp":"2024-09-18T05:58:26.729Z"}
{"$__":{"activePaths":{"paths":{"E_Course":"modify","E_CreatedDate":"modify","E_Designation":"modify","E_Email":"modify","E_Gender":"modify","E_Id":"modify","E_Image":"modify","E_Mobile":"modify","E_Name":"modify","_id":"default"},"states":{"default":{"_id":true},"modify":{"E_Course":true,"E_CreatedDate":true,"E_Designation":true,"E_Email":true,"E_Gender":true,"E_Id":true,"E_Image":true,"E_Mobile":true,"E_Name":true},"require":{}}}},"_doc":{"E_Course":"MERN Stack","E_CreatedDate":"2024-09-18T05:58:26.730Z","E_Designation":"Software Support Engineer","E_Email":"selvam@gmail.com","E_Gender":"Male","E_Id":"DLS8","E_Image":"E_Image_1726639106642.jpg","E_Mobile":"983238538","E_Name":"Selvam","_id":"66ea6c025e25cc37fd539126"},"level":"info","message":"New employee created with data: ","timestamp":"2024-09-18T05:58:26.731Z"}
{"level":"info","message":"New employee added: Selvam with E_Id: DLS8","timestamp":"2024-09-18T05:58:26.896Z"}
{"level":"info","message":"Retrieved all employees: 5 found","timestamp":"2024-09-18T05:58:27.048Z"}
{"level":"info","message":"Retrieved all employees: 5 found","timestamp":"2024-09-18T05:58:27.118Z"}
{"level":"info","message":"Retrieved employee: Selvam","timestamp":"2024-09-18T05:58:37.817Z"}
{"level":"info","message":"Retrieved employee: Selvam","timestamp":"2024-09-18T05:58:37.903Z"}
{"level":"info","message":"Employee updated: DLS8","timestamp":"2024-09-18T05:58:48.923Z"}
{"level":"info","message":"Retrieved all employees: 5 found","timestamp":"2024-09-18T05:58:49.068Z"}
{"level":"info","message":"Retrieved all employees: 5 found","timestamp":"2024-09-18T05:58:49.163Z"}
{"level":"info","message":"admin email : null","timestamp":"2024-09-18T06:02:20.434Z"}
{"level":"warn","message":"Login attempt failed for email: jp@gmail.com","timestamp":"2024-09-18T06:02:20.435Z"}
{"level":"info","message":"admin email : {\n  _id: new ObjectId('66e93b2f9a703c31f88738fc'),\n  name: 'jp',\n  email: 'jp@mail.com',\n  password: '$2b$10$YUZfYUvVjXDag/FmQN7AGuyB5SKYG7NIzv.ieBBmz3mrULC4OEwqy',\n  __v: 0\n}","timestamp":"2024-09-18T06:02:27.410Z"}
{"level":"info","message":"Admin logged in: jp@mail.com","timestamp":"2024-09-18T06:02:27.472Z"}
{"level":"info","message":"Retrieved all employees: 5 found","timestamp":"2024-09-18T06:02:32.538Z"}
{"level":"info","message":"Retrieved all employees: 5 found","timestamp":"2024-09-18T06:02:32.637Z"}
{"level":"info","message":"Retrieved all employees: 5 found","timestamp":"2024-09-18T06:11:10.423Z"}
{"level":"info","message":"Retrieved all employees: 5 found","timestamp":"2024-09-18T06:11:10.497Z"}
{"level":"info","message":"Retrieved all employees: 5 found","timestamp":"2024-09-18T06:11:10.568Z"}
{"level":"info","message":"Retrieved all employees: 5 found","timestamp":"2024-09-18T06:11:10.645Z"}
{"level":"info","message":"Retrieved all employees: 5 found","timestamp":"2024-09-18T06:11:23.939Z"}
{"level":"info","message":"Retrieved all employees: 5 found","timestamp":"2024-09-18T06:11:24.368Z"}
{"level":"info","message":"Retrieved all employees: 5 found","timestamp":"2024-09-18T06:11:53.819Z"}
{"level":"info","message":"Retrieved all employees: 5 found","timestamp":"2024-09-18T06:11:53.900Z"}
{"level":"info","message":"Retrieved all employees: 5 found","timestamp":"2024-09-18T06:12:01.770Z"}
{"level":"info","message":"Retrieved all employees: 5 found","timestamp":"2024-09-18T06:12:01.849Z"}
{"level":"info","message":"Retrieved all employees: 5 found","timestamp":"2024-09-18T06:12:33.324Z"}
{"level":"info","message":"Retrieved all employees: 5 found","timestamp":"2024-09-18T06:12:33.401Z"}
{"level":"info","message":"Retrieved all employees: 5 found","timestamp":"2024-09-18T06:12:41.491Z"}
{"level":"info","message":"Retrieved all employees: 5 found","timestamp":"2024-09-18T06:12:41.571Z"}
{"level":"info","message":"Retrieved all employees: 5 found","timestamp":"2024-09-18T06:12:52.942Z"}
{"level":"info","message":"Retrieved all employees: 5 found","timestamp":"2024-09-18T06:12:53.033Z"}
{"level":"info","message":"Retrieved all employees: 5 found","timestamp":"2024-09-18T06:13:06.259Z"}
{"level":"info","message":"Retrieved all employees: 5 found","timestamp":"2024-09-18T06:13:06.350Z"}
{"level":"info","message":"Retrieved all employees: 5 found","timestamp":"2024-09-18T06:13:11.550Z"}
{"level":"info","message":"Retrieved all employees: 5 found","timestamp":"2024-09-18T06:13:11.631Z"}
{"level":"info","message":"Retrieved all employees: 5 found","timestamp":"2024-09-18T06:13:22.340Z"}
{"level":"info","message":"Retrieved all employees: 5 found","timestamp":"2024-09-18T06:13:22.420Z"}
{"level":"info","message":"Retrieved all employees: 5 found","timestamp":"2024-09-18T06:15:24.406Z"}
{"level":"info","message":"Retrieved all employees: 5 found","timestamp":"2024-09-18T06:15:24.487Z"}
{"level":"info","message":"Retrieved all employees: 5 found","timestamp":"2024-09-18T06:15:24.572Z"}
{"level":"info","message":"Retrieved all employees: 5 found","timestamp":"2024-09-18T06:15:42.068Z"}
{"level":"info","message":"Retrieved all employees: 5 found","timestamp":"2024-09-18T06:15:42.139Z"}
{"level":"info","message":"Retrieved all employees: 5 found","timestamp":"2024-09-18T06:19:05.409Z"}
{"level":"info","message":"Retrieved all employees: 5 found","timestamp":"2024-09-18T06:19:05.479Z"}
{"level":"info","message":"Retrieved all employees: 5 found","timestamp":"2024-09-18T06:19:05.561Z"}
{"level":"info","message":"Admin logged out","timestamp":"2024-09-18T06:20:53.143Z"}
{"level":"info","message":"admin email : {\n  _id: new ObjectId('66e93b2f9a703c31f88738fc'),\n  name: 'jp',\n  email: 'jp@mail.com',\n  password: '$2b$10$YUZfYUvVjXDag/FmQN7AGuyB5SKYG7NIzv.ieBBmz3mrULC4OEwqy',\n  __v: 0\n}","timestamp":"2024-09-18T06:27:20.309Z"}
{"level":"info","message":"Admin logged in: jp@mail.com","timestamp":"2024-09-18T06:27:20.380Z"}
{"level":"info","message":"Retrieved all employees: 5 found","timestamp":"2024-09-18T06:27:26.867Z"}
{"level":"info","message":"Retrieved all employees: 5 found","timestamp":"2024-09-18T06:27:26.949Z"}
{"level":"info","message":"Retrieved all employees: 5 found","timestamp":"2024-09-18T06:27:33.018Z"}
{"level":"info","message":"Retrieved all employees: 5 found","timestamp":"2024-09-18T06:27:33.088Z"}
{"level":"info","message":"Generated new E_Id: DLS9 based on last E_Id: DLS8","timestamp":"2024-09-18T06:29:42.329Z"}
{"$__":{"activePaths":{"paths":{"E_Course":"modify","E_CreatedDate":"modify","E_Designation":"modify","E_Email":"modify","E_Gender":"modify","E_Id":"modify","E_Image":"modify","E_Mobile":"modify","E_Name":"modify","_id":"default"},"states":{"default":{"_id":true},"modify":{"E_Course":true,"E_CreatedDate":true,"E_Designation":true,"E_Email":true,"E_Gender":true,"E_Id":true,"E_Image":true,"E_Mobile":true,"E_Name":true},"require":{}}}},"_doc":{"E_Course":"MEAN stack","E_CreatedDate":"2024-09-18T06:29:42.330Z","E_Designation":"Intern","E_Email":"arun@hotmail.com","E_Gender":"Male","E_Id":"DLS9","E_Image":"E_Image_1726640982248.jpg","E_Mobile":"9837283885","E_Name":"Arunkumar","_id":"66ea73565e25cc37fd539158"},"level":"info","message":"New employee created with data: ","timestamp":"2024-09-18T06:29:42.331Z"}
{"level":"info","message":"New employee added: Arunkumar with E_Id: DLS9","timestamp":"2024-09-18T06:29:42.405Z"}
{"level":"info","message":"Retrieved all employees: 6 found","timestamp":"2024-09-18T06:29:42.549Z"}
{"level":"info","message":"Retrieved all employees: 6 found","timestamp":"2024-09-18T06:29:42.628Z"}
{"level":"info","message":"Employee deleted: jp008","timestamp":"2024-09-18T06:29:58.271Z"}
{"level":"warn","message":"Employee not found for deletion: DLS2","timestamp":"2024-09-18T06:30:02.008Z"}
{"level":"warn","message":"Employee not found for deletion: DLS2","timestamp":"2024-09-18T06:30:07.748Z"}
{"level":"info","message":"Employee deleted: Jothiprakash T","timestamp":"2024-09-18T06:30:11.526Z"}
{"level":"info","message":"Retrieved all employees: 4 found","timestamp":"2024-09-18T06:30:19.431Z"}
{"level":"info","message":"Retrieved all employees: 4 found","timestamp":"2024-09-18T06:30:19.518Z"}
{"level":"info","message":"Generated new E_Id: DLS10 based on last E_Id: DLS9","timestamp":"2024-09-18T06:31:35.811Z"}
{"$__":{"activePaths":{"paths":{"E_Course":"modify","E_CreatedDate":"modify","E_Designation":"modify","E_Email":"modify","E_Gender":"modify","E_Id":"modify","E_Image":"modify","E_Mobile":"modify","E_Name":"modify","_id":"default"},"states":{"default":{"_id":true},"modify":{"E_Course":true,"E_CreatedDate":true,"E_Designation":true,"E_Email":true,"E_Gender":true,"E_Id":true,"E_Image":true,"E_Mobile":true,"E_Name":true},"require":{}}}},"_doc":{"E_Course":"MEAN ","E_CreatedDate":"2024-09-18T06:31:35.812Z","E_Designation":"Intern DevOps","E_Email":"jp@hotmail.com","E_Gender":"Male","E_Id":"DLS10","E_Image":"E_Image_1726641095722.jpg","E_Mobile":"09585578792","E_Name":"jp5","_id":"66ea73c75e25cc37fd539163"},"level":"info","message":"New employee created with data: ","timestamp":"2024-09-18T06:31:35.813Z"}
{"level":"info","message":"New employee added: jp5 with E_Id: DLS10","timestamp":"2024-09-18T06:31:35.894Z"}
{"level":"info","message":"Retrieved all employees: 5 found","timestamp":"2024-09-18T06:31:36.032Z"}
{"level":"info","message":"Retrieved all employees: 5 found","timestamp":"2024-09-18T06:31:36.116Z"}
{"level":"info","message":"Admin logged out","timestamp":"2024-09-18T06:32:08.842Z"}
{"level":"info","message":"admin email : {\n  _id: new ObjectId('66e93b2f9a703c31f88738fc'),\n  name: 'jp',\n  email: 'jp@mail.com',\n  password: '$2b$10$YUZfYUvVjXDag/FmQN7AGuyB5SKYG7NIzv.ieBBmz3mrULC4OEwqy',\n  __v: 0\n}","timestamp":"2024-09-18T06:37:12.852Z"}
{"level":"info","message":"Admin logged in: jp@mail.com","timestamp":"2024-09-18T06:37:13.136Z"}
{"level":"info","message":"Retrieved all employees: 5 found","timestamp":"2024-09-18T06:37:17.771Z"}
{"level":"info","message":"Retrieved all employees: 5 found","timestamp":"2024-09-18T06:37:17.863Z"}
{"level":"info","message":"Retrieved all employees: 5 found","timestamp":"2024-09-18T06:39:17.762Z"}
{"level":"info","message":"Retrieved all employees: 5 found","timestamp":"2024-09-18T06:39:17.842Z"}
{"level":"info","message":"Retrieved all employees: 5 found","timestamp":"2024-09-18T06:39:48.381Z"}
{"level":"info","message":"Retrieved all employees: 5 found","timestamp":"2024-09-18T06:39:48.461Z"}
{"level":"info","message":"Retrieved all employees: 5 found","timestamp":"2024-09-18T06:39:54.201Z"}
{"level":"info","message":"Retrieved all employees: 5 found","timestamp":"2024-09-18T06:39:54.284Z"}
{"level":"info","message":"Retrieved all employees: 5 found","timestamp":"2024-09-18T06:40:05.440Z"}
{"level":"info","message":"Retrieved all employees: 5 found","timestamp":"2024-09-18T06:40:05.512Z"}
{"level":"info","message":"admin email : {\n  _id: new ObjectId('66e93b2f9a703c31f88738fc'),\n  name: 'jp',\n  email: 'jp@mail.com',\n  password: '$2b$10$YUZfYUvVjXDag/FmQN7AGuyB5SKYG7NIzv.ieBBmz3mrULC4OEwqy',\n  __v: 0\n}","timestamp":"2024-09-18T06:40:40.355Z"}
{"level":"info","message":"Admin logged in: jp@mail.com","timestamp":"2024-09-18T06:40:40.586Z"}
{"level":"info","message":"Admin logged out","timestamp":"2024-09-18T06:42:02.713Z"}
{"level":"info","message":"admin email : {\n  _id: new ObjectId('66e93b2f9a703c31f88738fc'),\n  name: 'jp',\n  email: 'jp@mail.com',\n  password: '$2b$10$YUZfYUvVjXDag/FmQN7AGuyB5SKYG7NIzv.ieBBmz3mrULC4OEwqy',\n  __v: 0\n}","timestamp":"2024-09-18T06:42:42.562Z"}
{"level":"info","message":"Admin logged in: jp@mail.com","timestamp":"2024-09-18T06:42:42.779Z"}
{"level":"info","message":"Admin logged out","timestamp":"2024-09-18T06:43:14.690Z"}
{"level":"info","message":"admin email : {\n  _id: new ObjectId('66e93b2f9a703c31f88738fc'),\n  name: 'jp',\n  email: 'jp@mail.com',\n  password: '$2b$10$YUZfYUvVjXDag/FmQN7AGuyB5SKYG7NIzv.ieBBmz3mrULC4OEwqy',\n  __v: 0\n}","timestamp":"2024-09-18T06:44:25.181Z"}
{"level":"info","message":"Admin logged in: jp@mail.com","timestamp":"2024-09-18T06:44:25.475Z"}
{"level":"info","message":"Retrieved all employees: 5 found","timestamp":"2024-09-18T06:45:44.883Z"}
{"level":"info","message":"Retrieved all employees: 5 found","timestamp":"2024-09-18T06:45:44.961Z"}
{"level":"info","message":"Retrieved employee: Arunkumar","timestamp":"2024-09-18T06:45:53.844Z"}
{"level":"info","message":"Retrieved employee: Arunkumar","timestamp":"2024-09-18T06:45:53.918Z"}
{"level":"info","message":"Employee updated: DLS9","timestamp":"2024-09-18T06:46:15.374Z"}
{"level":"info","message":"Retrieved all employees: 5 found","timestamp":"2024-09-18T06:46:15.604Z"}
{"level":"info","message":"Retrieved all employees: 5 found","timestamp":"2024-09-18T06:46:15.706Z"}
{"level":"info","message":"Admin logged out","timestamp":"2024-09-18T06:46:54.700Z"}
{"level":"info","message":"admin email : {\n  _id: new ObjectId('66e939929a703c31f88738f6'),\n  name: 'jp',\n  email: 'jothiprakash888@gmail.com',\n  password: '$2b$10$2IKuSnryK16j3ABErkLyG.UlwqHTsNvngJZXC7c0Mn.krJc/seAO2',\n  __v: 0\n}","timestamp":"2024-09-18T06:46:59.452Z"}
{"level":"warn","message":"Login attempt failed for email: ","timestamp":"2024-09-18T06:46:59.650Z"}
{"level":"info","message":"admin email : {\n  _id: new ObjectId('66e939929a703c31f88738f6'),\n  name: 'jp',\n  email: 'jothiprakash888@gmail.com',\n  password: '$2b$10$2IKuSnryK16j3ABErkLyG.UlwqHTsNvngJZXC7c0Mn.krJc/seAO2',\n  __v: 0\n}","timestamp":"2024-09-18T06:47:11.917Z"}
{"level":"warn","message":"Login attempt failed for email: ","timestamp":"2024-09-18T06:47:12.137Z"}
{"level":"info","message":"admin email : {\n  _id: new ObjectId('66e939929a703c31f88738f6'),\n  name: 'jp',\n  email: 'jothiprakash888@gmail.com',\n  password: '$2b$10$2IKuSnryK16j3ABErkLyG.UlwqHTsNvngJZXC7c0Mn.krJc/seAO2',\n  __v: 0\n}","timestamp":"2024-09-18T06:47:13.581Z"}
{"level":"warn","message":"Login attempt failed for email: ","timestamp":"2024-09-18T06:47:13.777Z"}
